-e [0;35m[2024-08-26 12:50:38] Current branch: master[0m
-e [0;32m[2024-08-26 12:50:38] Repository check completed for ./001-config/001-dotfiles[0m
-e [0;35m[2024-08-26 12:52:55] Current branch: master[0m
-e [0;32m[2024-08-26 12:52:55] Repository check completed for ./001-config/001-dotfiles[0m
-e [0;35m[2024-08-26 12:56:51] Current branch: master[0m
-e [0;32m[2024-08-26 12:56:51] Repository check completed for ./001-config/001-dotfiles[0m
-e [0;35m[2024-08-26 13:06:24] Current branch: master[0m
-e [0;33m[2024-08-26 13:06:24] Repository has changes:[0m
-e [0;32m[2024-08-26 13:06:24] Repository is up to date[0m
-e [0;32m[2024-08-26 13:06:24] Repository check completed for ./001-config/001-dotfiles[0m
-e [0;35m[2024-08-26 13:06:43] Current branch: master[0m
-e [0;34m[2024-08-26 13:06:43] Pulling updates...[0m
-e [0;34m[2024-08-26 13:06:45] Pull output:[0m
-e [0;32m[2024-08-26 13:06:45] Repository updated successfully[0m
-e [0;32m[2024-08-26 13:06:45] Repository check completed for ./001-config/001-dotfiles[0m
-e [0;35m[2024-08-26 13:09:51] Current branch: master[0m
-e [0;33m[2024-08-26 13:09:51] Repository has changes:[0m
-e [0;33m[2024-08-26 13:09:51] Repository is not up to date[0m
-e [0;33m[2024-08-26 13:09:51] Local revision: 8f99d3c70b6e0e99c601002aeca9ea7bd4af708f[0m
-e [0;33m[2024-08-26 13:09:51] Remote revision: 12d7f6612d679b48d3d87d1704054b90bd2c3edc[0m
-e [0;32m[2024-08-26 13:09:51] Repository check completed for ./001-config/001-dotfiles[0m
-e [0;35m[2024-09-07 23:23:46] Current branch: master[0m
-e [0;32m[2024-09-07 23:23:46] Repository check completed for ./001-config/001-dotfiles[0m
