-e [0;32m[2024-08-25 12:43:19] Checking status of 008-dotfiles...[0m
-e [0;32m[2024-08-25 13:10:24] Checking status of 5-005-dotfiles...[0m
-e [0;32m[2024-08-25 13:12:29] Checking status of 5-005-dotfiles...[0m
-e [0;32m[2024-08-25 13:19:36] Checking status of 1-000-001-dotfiles...[0m
-e [0;31m[2024-08-25 13:19:36] Error: Unable to change directory to ./000-config/000-001-dotfiles[0m
-e [0;32m[2024-08-25 13:19:57] Checking status of 1-000-001-001-dotfiles...[0m
-e [0;31m[2024-08-25 13:19:57] Error: Unable to change directory to ./000-config/000-001-001-dotfiles[0m
-e [0;32m[2024-08-25 13:21:10] Checking status of 1-000-001-001-001-dotfiles...[0m
-e [0;31m[2024-08-25 13:21:10] Error: Unable to change directory to ./000-config/000-001-001-001-dotfiles[0m
-e [0;32m[2024-08-25 13:56:01] Checking status of 1-000-001-dotfiles...[0m
-e [0;31m[2024-08-25 13:56:01] Error: Unable to change directory to ./000-config/000-001-dotfiles[0m
-e [0;32m[2024-08-25 13:56:03] Checking status of 1-000-001-001-dotfiles...[0m
-e [0;31m[2024-08-25 13:56:04] Error: Unable to change directory to ./000-config/000-001-001-dotfiles[0m
-e [0;32m[2024-08-25 13:56:05] Checking status of 1-000-001-001-001-dotfiles...[0m
-e [0;31m[2024-08-25 13:56:05] Error: Unable to change directory to ./000-config/000-001-001-001-dotfiles[0m
-e [0;32m[2024-08-25 14:08:47] Checking status of 1-000-001-001-001-001-dotfiles...[0m
-e [0;31m[2024-08-25 14:08:47] Error: Unable to change directory to ./000-config/000-001-001-001-001-dotfiles[0m
-e [0;32m[2024-08-25 14:08:54] Checking status of 1-000-001-001-001-001-001-dotfiles...[0m
-e [0;31m[2024-08-25 14:08:54] Error: Unable to change directory to ./000-config/000-001-001-001-001-001-dotfiles[0m
-e [0;32m[2024-08-25 14:14:35] Checking status of 1-000-001-001-001-001-001-001-dotfiles...[0m
-e [0;31m[2024-08-25 14:14:35] Error: Unable to change directory to ./000-config/000-001-001-001-001-001-001-dotfiles[0m
-e [0;32m[2024-08-25 14:15:39] Checking status of 1-000-001-dotfiles...[0m
-e [0;31m[2024-08-25 14:15:39] Error: Unable to change directory to ./000-config/000-001-dotfiles[0m
-e [0;32m[2024-08-25 15:03:38] Checking status of 1-000-001-001-dotfiles...[0m
-e [0;31m[2024-08-25 15:03:38] Error: Unable to change directory to ./000-config/000-001-001-dotfiles[0m
-e [0;32m[2024-08-25 15:05:46] Checking status of 1-000-001-001-001-dotfiles...[0m
-e [0;31m[2024-08-25 15:05:46] Error: Unable to change directory to ./000-config/000-001-001-001-dotfiles[0m
-e [0;32m[2024-08-25 15:50:23] Checking status of 1-000-001-001-001-001-dotfiles...[0m
-e [0;31m[2024-08-25 15:50:23] Error: Unable to change directory to ./000-config/000-001-001-001-001-dotfiles[0m
